<?xml version="1.0" encoding="UTF-8"?>
<!-- Generated by org.testng.reporters.JUnitReportReporter -->
<testsuite skipped="0" hostname="PU-NB-JCHA" name="tests.TestIS" tests="1" failures="0" timestamp="2020-05-15T23:31:40 IST" time="15.737" errors="0">
  <testcase name="test" time="15.737" classname="tests.TestIS"/>
</testsuite> <!-- tests.TestIS -->
